2026-03-18 13:58:36,403 - INFO - --- Iniciando FMP Stock Update (Modo: daily) ---
2026-03-18 13:58:36,404 - INFO - Cargando Universo desde JSON: C:\Users\gasto\OneDrive\datos_modelo_portfolio\universo\universo.json
2026-03-18 13:58:37,199 - INFO - Se cargaron 258 tickers únicos del archivo.
2026-03-18 13:58:37,199 - INFO - Universo activo: 258 tickers.
2026-03-18 13:58:37,200 - ERROR - Error leyendo archivo existente: Unable to find a usable engine; tried using: 'pyarrow', 'fastparquet'.
A suitable version of pyarrow or fastparquet is required for parquet support.
Trying to import the above resulted in these errors:
 - `Import pyarrow` failed. pyarrow is required for parquet support. Use pip or conda to install the pyarrow package.
 - `Import fastparquet` failed. fastparquet is required for parquet support. Use pip or conda to install the fastparquet package.. Se iniciará de cero.
2026-03-18 13:58:37,202 - INFO - Iniciando descarga DIARIA para 258 tickers (Start Default: 2019-06-01)...
2026-03-18 13:58:41,296 - INFO - DEBUG: AAPL rows: 1708. Último: 2019-06-03 Close: 43.33
2026-03-18 13:58:42,203 - INFO - Progreso: 100/258 tickers procesados.
2026-03-18 13:58:43,209 - INFO - Progreso: 200/258 tickers procesados.
2026-03-18 13:59:49,955 - INFO - --- Iniciando FMP Stock Update (Modo: daily) ---
2026-03-18 13:59:49,955 - INFO - Cargando Universo desde JSON: C:\Users\gasto\OneDrive\datos_modelo_portfolio\universo\universo.json
2026-03-18 13:59:49,956 - INFO - Se cargaron 258 tickers únicos del archivo.
2026-03-18 13:59:49,956 - INFO - Universo activo: 258 tickers.
2026-03-18 14:00:54,950 - INFO - Datos existentes cargados: 3160734 filas.
2026-03-18 14:00:56,406 - INFO - Iniciando descarga DIARIA para 258 tickers (Start Default: 2019-06-01)...
2026-03-18 14:01:03,927 - INFO - DEBUG: AAPL rows: 1685. Último: 2019-07-05 Close: 51.06
2026-03-18 14:01:04,443 - INFO - Progreso: 100/258 tickers procesados.
2026-03-18 14:01:05,622 - INFO - Progreso: 200/258 tickers procesados.
2026-03-18 14:01:09,295 - INFO - Guardado Exitoso: C:\Users\gasto\OneDrive\datos_modelo_portfolio\datos_stock\fmp_prices.parquet. Filas Totales: 3160734 (Nuevas: 382373)
2026-03-18 14:01:09,539 - INFO - --- REPORTE FINAL ---
2026-03-18 14:01:09,539 - WARNING - Modo Diario falló en 3 tickers: ['SPX', 'VIX', 'XSP']
2026-03-18 14:04:35,441 - INFO - --- Iniciando FMP Stock Update (Modo: daily) ---
2026-03-18 14:04:35,442 - INFO - Cargando Universo desde JSON: C:\datos_proyecto\universo\universo.json
2026-03-18 14:04:35,442 - INFO - Se cargaron 258 tickers únicos del archivo.
2026-03-18 14:04:35,443 - INFO - Universo activo: 258 tickers.
2026-03-18 14:04:35,444 - INFO - Iniciando descarga DIARIA para 258 tickers (Start Default: 2019-06-01)...
2026-03-18 14:04:39,504 - INFO - DEBUG: AAPL rows: 1708. Último: 2019-06-03 Close: 43.33
2026-03-18 14:04:40,380 - INFO - Progreso: 100/258 tickers procesados.
2026-03-18 14:04:41,502 - INFO - Progreso: 200/258 tickers procesados.
2026-03-18 14:04:42,727 - INFO - Guardado Exitoso: C:\datos_proyecto\datos_stocks\fmp_prices.parquet. Filas Totales: 386697 (Nuevas: 386697)
2026-03-18 14:04:42,776 - INFO - --- REPORTE FINAL ---
2026-03-18 14:04:42,777 - WARNING - Modo Diario falló en 3 tickers: ['SPX', 'VIX', 'XSP']
2026-03-18 14:27:52,444 - INFO - Escaneando archivos ORATS en C:\datos_proyecto\ruedas para extraer el Top 10 tickers por volumen...
2026-03-18 14:27:52,451 - INFO - Analizando los últimos 2 días de mercado...
2026-03-18 14:27:52,453 - INFO - Calculando volumen promedio para la selección del Top 10...
2026-03-18 14:31:01,073 - INFO - Escaneando archivos ORATS en C:\datos_proyecto\ruedas para extraer el Top 10 tickers por volumen...
2026-03-18 14:31:01,080 - INFO - Analizando los últimos 2 días de mercado...
2026-03-18 14:31:01,081 - INFO - Calculando volumen promedio para la selección del Top 10...
2026-03-18 14:31:01,101 - INFO - Se extrajeron exitosamente 10 tickers principales.
2026-03-18 14:32:11,118 - INFO - --- Iniciando FMP Stock Update (Modo: top3000) ---
2026-03-18 14:32:11,118 - INFO - Escaneando archivos ORATS en C:\datos_proyecto\ruedas para extraer el Top 3000 tickers por volumen...
2026-03-18 14:32:11,125 - INFO - Analizando los últimos 30 días de mercado...
2026-03-18 14:32:11,126 - INFO - Calculando volumen promedio para la selección del Top 3000...
2026-03-18 14:32:11,272 - INFO - Se extrajeron exitosamente 233 tickers principales.
2026-03-18 14:32:11,272 - INFO - Universo activo: 233 tickers.
2026-03-18 14:32:11,273 - INFO - Iniciando descarga DIARIA para 233 tickers (Start Default: 2019-06-01)...
2026-03-18 14:32:15,326 - INFO - DEBUG: AAPL rows: 1812. Último: 2019-01-02 Close: 39.48
2026-03-18 14:32:16,163 - INFO - Progreso: 100/233 tickers procesados.
2026-03-18 14:32:17,289 - INFO - Progreso: 200/233 tickers procesados.
2026-03-18 14:32:18,065 - INFO - Guardado Exitoso: C:\datos_proyecto\datos_stocks\fmp_prices_top3000.parquet. Filas Totales: 376921 (Nuevas: 376921)
2026-03-18 14:32:18,115 - INFO - --- REPORTE FINAL ---
2026-03-18 14:38:18,000 - INFO - --- Iniciando FMP Stock Update (Modo: top3000) ---
2026-03-18 14:38:18,001 - INFO - Escaneando archivos ORATS en C:\datos_proyecto\ruedas para extraer el Top 3000 tickers por volumen...
2026-03-18 14:38:18,008 - INFO - Analizando los últimos 30 días de mercado...
2026-03-18 14:38:18,010 - INFO - Calculando volumen promedio para la selección del Top 3000...
2026-03-18 14:38:18,148 - INFO - Se extrajeron exitosamente 233 tickers principales.
2026-03-18 14:38:18,148 - INFO - Universo activo: 233 tickers.
2026-03-18 14:38:18,200 - INFO - Datos existentes cargados: 376921 filas.
2026-03-18 14:38:18,362 - INFO - Iniciando descarga DIARIA para 233 tickers (Start Default: 2019-06-01)...
2026-03-18 14:38:25,225 - INFO - DEBUG: AAPL rows: 1812. Último: 2019-01-02 Close: 39.48
2026-03-18 14:38:25,945 - INFO - Progreso: 100/233 tickers procesados.
2026-03-18 14:38:27,059 - INFO - Progreso: 200/233 tickers procesados.
2026-03-18 14:38:27,916 - INFO - Guardado Exitoso: C:\datos_proyecto\datos_stocks\fmp_prices_top3000.parquet. Filas Totales: 376921 (Nuevas: 376921)
2026-03-18 14:38:27,977 - INFO - --- REPORTE FINAL ---
2026-03-18 14:39:46,173 - INFO - Escaneando archivos ORATS en C:\datos_proyecto\ruedas para extraer el Top 3000 tickers por volumen...
2026-03-18 14:39:46,180 - INFO - Analizando los últimos 2 días de mercado...
2026-03-18 14:39:46,180 - INFO - Calculando volumen promedio para la selección del Top 3000...
2026-03-18 14:39:46,198 - INFO - Se extrajeron exitosamente 231 tickers principales.
2026-03-18 14:40:54,666 - INFO - Escaneando archivos CORE ORATS en C:\datos_proyecto\datos_cores para extraer el Top 3000 tickers por volumen...
2026-03-18 14:40:54,672 - INFO - Analizando los últimos 2 días de mercado...
2026-03-18 14:40:54,673 - INFO - Calculando volumen promedio para la selección del Top 3000...
2026-03-18 14:41:17,487 - INFO - Escaneando archivos CORE ORATS en C:\datos_proyecto\datos_cores para extraer el Top 3000 tickers por volumen...
2026-03-18 14:41:17,493 - INFO - Analizando los últimos 2 días de mercado...
2026-03-18 14:41:17,494 - INFO - Calculando volumen promedio para la selección del Top 3000...
2026-03-18 14:41:17,510 - INFO - Se extrajeron exitosamente 3000 tickers principales.
2026-03-18 14:42:14,844 - INFO - --- Iniciando FMP Stock Update (Modo: top3000) ---
2026-03-18 14:42:14,844 - INFO - Escaneando archivos CORE ORATS en C:\datos_proyecto\datos_cores para extraer el Top 3000 tickers por volumen...
2026-03-18 14:42:14,851 - INFO - Analizando los últimos 10 días de mercado...
2026-03-18 14:42:14,852 - INFO - Calculando volumen promedio para la selección del Top 3000...
2026-03-18 14:42:14,867 - INFO - Se extrajeron exitosamente 3000 tickers principales.
2026-03-18 14:42:14,868 - INFO - Universo activo: 3000 tickers.
2026-03-18 14:42:14,932 - INFO - Datos existentes cargados: 376921 filas.
2026-03-18 14:42:15,094 - INFO - Iniciando descarga DIARIA para 3000 tickers (Start Default: 2019-06-01)...
2026-03-18 14:42:22,483 - INFO - DEBUG: AAPL rows: 1812. Último: 2019-01-02 Close: 39.48
2026-03-18 14:42:23,135 - INFO - Progreso: 100/3000 tickers procesados.
2026-03-18 14:42:24,240 - INFO - Progreso: 200/3000 tickers procesados.
2026-03-18 14:42:25,391 - INFO - Progreso: 300/3000 tickers procesados.
2026-03-18 14:42:26,598 - INFO - Progreso: 400/3000 tickers procesados.
2026-03-18 14:42:27,666 - INFO - Progreso: 500/3000 tickers procesados.
2026-03-18 14:42:29,272 - INFO - Progreso: 600/3000 tickers procesados.
2026-03-18 14:42:35,485 - INFO - Progreso: 700/3000 tickers procesados.
2026-03-18 14:42:38,479 - INFO - Progreso: 800/3000 tickers procesados.
2026-03-18 14:42:39,893 - INFO - Progreso: 900/3000 tickers procesados.
2026-03-18 14:42:41,216 - INFO - Progreso: 1000/3000 tickers procesados.
2026-03-18 14:42:42,414 - INFO - Progreso: 1100/3000 tickers procesados.
2026-03-18 14:42:43,648 - INFO - Progreso: 1200/3000 tickers procesados.
2026-03-18 14:42:44,907 - INFO - Progreso: 1300/3000 tickers procesados.
2026-03-18 14:42:46,061 - INFO - Progreso: 1400/3000 tickers procesados.
2026-03-18 14:42:47,238 - INFO - Progreso: 1500/3000 tickers procesados.
2026-03-18 14:42:48,389 - INFO - Progreso: 1600/3000 tickers procesados.
2026-03-18 14:42:49,531 - INFO - Progreso: 1700/3000 tickers procesados.
2026-03-18 14:42:50,695 - INFO - Progreso: 1800/3000 tickers procesados.
2026-03-18 14:42:51,836 - INFO - Progreso: 1900/3000 tickers procesados.
2026-03-18 14:42:52,897 - INFO - Progreso: 2000/3000 tickers procesados.
2026-03-18 14:42:53,941 - INFO - Progreso: 2100/3000 tickers procesados.
2026-03-18 14:42:55,125 - INFO - Progreso: 2200/3000 tickers procesados.
2026-03-18 14:42:56,181 - INFO - Progreso: 2300/3000 tickers procesados.
2026-03-18 14:42:57,240 - INFO - Progreso: 2400/3000 tickers procesados.
2026-03-18 14:42:58,302 - INFO - Progreso: 2500/3000 tickers procesados.
2026-03-18 14:42:59,400 - INFO - Progreso: 2600/3000 tickers procesados.
2026-03-18 14:43:00,583 - INFO - Progreso: 2700/3000 tickers procesados.
2026-03-18 14:43:02,069 - INFO - Progreso: 2800/3000 tickers procesados.
2026-03-18 14:43:03,335 - INFO - Progreso: 2900/3000 tickers procesados.
2026-03-18 14:43:08,469 - INFO - Guardado Exitoso: C:\datos_proyecto\datos_stocks\fmp_prices_top3000.parquet. Filas Totales: 4659605 (Nuevas: 4653872)
2026-03-18 14:43:08,719 - INFO - --- REPORTE FINAL ---
2026-03-18 14:43:26,265 - INFO - --- Iniciando FMP Stock Update (Modo: top3000) ---
2026-03-18 14:43:26,265 - INFO - Escaneando archivos CORE ORATS en C:\datos_proyecto\datos_cores para extraer el Top 3000 tickers por volumen...
2026-03-18 14:43:26,271 - INFO - Analizando los últimos 10 días de mercado...
2026-03-18 14:43:26,272 - INFO - Calculando volumen promedio para la selección del Top 3000...
2026-03-18 14:43:26,287 - INFO - Se extrajeron exitosamente 3000 tickers principales.
2026-03-18 14:43:26,289 - INFO - Universo activo: 3000 tickers.
2026-03-18 14:43:26,510 - INFO - Datos existentes cargados: 4659605 filas.
2026-03-18 14:43:28,408 - INFO - Iniciando descarga DIARIA para 3000 tickers (Start Default: 2019-06-01)...
2026-03-18 14:44:49,583 - INFO - Progreso: 100/3000 tickers procesados.
2026-03-18 14:44:49,604 - INFO - Progreso: 200/3000 tickers procesados.
2026-03-18 14:44:49,607 - INFO - Progreso: 300/3000 tickers procesados.
2026-03-18 14:44:49,622 - INFO - Progreso: 400/3000 tickers procesados.
2026-03-18 14:44:49,624 - INFO - Progreso: 500/3000 tickers procesados.
2026-03-18 14:44:49,627 - INFO - Progreso: 600/3000 tickers procesados.
2026-03-18 14:44:49,629 - INFO - Progreso: 700/3000 tickers procesados.
2026-03-18 14:44:49,630 - INFO - Progreso: 800/3000 tickers procesados.
2026-03-18 14:44:49,631 - INFO - Progreso: 900/3000 tickers procesados.
2026-03-18 14:44:49,631 - INFO - Progreso: 1000/3000 tickers procesados.
2026-03-18 14:44:49,633 - INFO - DEBUG: AAPL rows: 1812. Último: 2019-01-02 Close: 39.48
2026-03-18 14:44:49,639 - INFO - Progreso: 1100/3000 tickers procesados.
2026-03-18 14:44:49,650 - INFO - Progreso: 1200/3000 tickers procesados.
2026-03-18 14:44:50,916 - INFO - Progreso: 1300/3000 tickers procesados.
2026-03-18 14:44:52,011 - INFO - Progreso: 1400/3000 tickers procesados.
2026-03-18 14:44:53,029 - INFO - Progreso: 1500/3000 tickers procesados.
2026-03-18 14:44:54,175 - INFO - Progreso: 1600/3000 tickers procesados.
2026-03-18 14:44:55,272 - INFO - Progreso: 1700/3000 tickers procesados.
2026-03-18 14:44:56,350 - INFO - Progreso: 1800/3000 tickers procesados.
2026-03-18 14:44:57,537 - INFO - Progreso: 1900/3000 tickers procesados.
2026-03-18 14:44:58,584 - INFO - Progreso: 2000/3000 tickers procesados.
2026-03-18 14:44:59,771 - INFO - Progreso: 2100/3000 tickers procesados.
2026-03-18 14:45:01,460 - INFO - Progreso: 2200/3000 tickers procesados.
2026-03-18 14:45:02,926 - INFO - Progreso: 2300/3000 tickers procesados.
2026-03-18 14:45:04,280 - INFO - Progreso: 2400/3000 tickers procesados.
2026-03-18 14:45:05,472 - INFO - Progreso: 2500/3000 tickers procesados.
2026-03-18 14:45:06,808 - INFO - Progreso: 2600/3000 tickers procesados.
2026-03-18 14:45:08,000 - INFO - Progreso: 2700/3000 tickers procesados.
2026-03-18 14:45:09,110 - INFO - Progreso: 2800/3000 tickers procesados.
2026-03-18 14:45:10,475 - INFO - Progreso: 2900/3000 tickers procesados.
2026-03-18 14:45:17,794 - INFO - Guardado Exitoso: C:\datos_proyecto\datos_stocks\fmp_prices_top3000.parquet. Filas Totales: 4659605 (Nuevas: 4653872)
2026-03-18 14:45:18,191 - INFO - --- REPORTE FINAL ---
2026-03-18 14:50:55,547 - INFO - --- Iniciando FMP Stock Update (Modo: daily) ---
2026-03-18 14:50:55,548 - INFO - Cargando Universo desde JSON: C:\datos_proyecto\universo\universo.json
2026-03-18 14:50:55,548 - INFO - Se cargaron 258 tickers únicos del archivo.
2026-03-18 14:50:55,548 - INFO - Universo activo: 258 tickers.
2026-03-18 14:50:55,606 - INFO - Datos existentes cargados: 386697 filas.
2026-03-18 14:50:55,767 - INFO - Iniciando descarga DIARIA para 258 tickers (Start Default: 2019-06-01)...
2026-03-18 14:51:02,742 - INFO - Progreso: 200/258 tickers procesados.
2026-03-18 14:51:03,306 - INFO - Guardado Exitoso: C:\datos_proyecto\datos_stocks\fmp_prices.parquet. Filas Totales: 386697 (Nuevas: 53669)
2026-03-18 14:51:03,361 - INFO - --- REPORTE FINAL ---
2026-03-18 14:51:03,362 - WARNING - Modo Diario falló en 3 tickers: ['SPX', 'VIX', 'XSP']
2026-03-18 14:51:03,362 - INFO - --- Iniciando FMP Stock Update (Modo: top3000) ---
2026-03-18 14:51:03,362 - INFO - Escaneando archivos CORE ORATS en C:\datos_proyecto\datos_cores para extraer el Top 3000 tickers por volumen...
2026-03-18 14:51:03,368 - INFO - Analizando los últimos 10 días de mercado...
2026-03-18 14:51:03,369 - INFO - Calculando volumen promedio para la selección del Top 3000...
2026-03-18 14:51:03,383 - INFO - Se extrajeron exitosamente 3000 tickers principales.
2026-03-18 14:51:03,384 - INFO - Universo activo: 3000 tickers.
2026-03-18 14:51:03,564 - INFO - Datos existentes cargados: 4659605 filas.
2026-03-18 14:51:05,485 - INFO - Iniciando descarga DIARIA para 3000 tickers (Start Default: 2019-06-01)...
2026-03-18 14:52:27,715 - INFO - Progreso: 100/3000 tickers procesados.
2026-03-18 14:52:27,724 - INFO - Progreso: 200/3000 tickers procesados.
2026-03-18 14:52:27,732 - INFO - Progreso: 300/3000 tickers procesados.
2026-03-18 14:52:27,736 - INFO - Progreso: 400/3000 tickers procesados.
2026-03-18 14:52:27,739 - INFO - Progreso: 500/3000 tickers procesados.
2026-03-18 14:52:27,757 - INFO - DEBUG: AAPL rows: 1812. Último: 2019-01-02 Close: 39.48
2026-03-18 14:52:27,770 - INFO - Progreso: 600/3000 tickers procesados.
2026-03-18 14:52:27,773 - INFO - Progreso: 700/3000 tickers procesados.
2026-03-18 14:52:27,775 - INFO - Progreso: 800/3000 tickers procesados.
2026-03-18 14:52:27,782 - INFO - Progreso: 900/3000 tickers procesados.
2026-03-18 14:52:27,789 - INFO - Progreso: 1000/3000 tickers procesados.
2026-03-18 14:52:27,791 - INFO - Progreso: 1100/3000 tickers procesados.
2026-03-18 14:52:28,328 - INFO - Progreso: 1200/3000 tickers procesados.
2026-03-18 14:52:29,456 - INFO - Progreso: 1300/3000 tickers procesados.
2026-03-18 14:52:30,540 - INFO - Progreso: 1400/3000 tickers procesados.
2026-03-18 14:52:31,693 - INFO - Progreso: 1500/3000 tickers procesados.
2026-03-18 14:52:32,842 - INFO - Progreso: 1600/3000 tickers procesados.
2026-03-18 14:52:34,017 - INFO - Progreso: 1700/3000 tickers procesados.
2026-03-18 14:52:35,177 - INFO - Progreso: 1800/3000 tickers procesados.
2026-03-18 14:52:36,321 - INFO - Progreso: 1900/3000 tickers procesados.
2026-03-18 14:52:37,419 - INFO - Progreso: 2000/3000 tickers procesados.
2026-03-18 14:52:38,694 - INFO - Progreso: 2100/3000 tickers procesados.
2026-03-18 14:52:40,684 - INFO - Progreso: 2200/3000 tickers procesados.
2026-03-18 14:52:43,366 - INFO - Progreso: 2300/3000 tickers procesados.
2026-03-18 14:52:44,800 - INFO - Progreso: 2400/3000 tickers procesados.
2026-03-18 14:52:46,182 - INFO - Progreso: 2500/3000 tickers procesados.
2026-03-18 14:52:47,544 - INFO - Progreso: 2600/3000 tickers procesados.
2026-03-18 14:52:48,827 - INFO - Progreso: 2700/3000 tickers procesados.
2026-03-18 14:52:50,146 - INFO - Progreso: 2800/3000 tickers procesados.
2026-03-18 14:52:51,454 - INFO - Progreso: 2900/3000 tickers procesados.
2026-03-18 14:52:59,191 - INFO - Guardado Exitoso: C:\datos_proyecto\datos_stocks\fmp_prices_top3000.parquet. Filas Totales: 4659605 (Nuevas: 4653872)
2026-03-18 14:52:59,585 - INFO - --- REPORTE FINAL ---
2026-03-18 14:55:46,923 - INFO - --- Iniciando FMP Stock Update (Modo: daily) ---
2026-03-18 14:55:46,924 - INFO - Cargando Universo desde JSON: C:\datos_proyecto\universo\universo.json
2026-03-18 14:55:46,924 - INFO - Se cargaron 258 tickers únicos del archivo.
2026-03-18 14:55:46,924 - INFO - Universo activo: 258 tickers.
2026-03-18 14:55:46,988 - INFO - Datos existentes cargados: 386697 filas.
2026-03-18 14:55:47,148 - INFO - Iniciando descarga DIARIA para 258 tickers (Start Default: 2019-06-01)...
2026-03-18 14:55:54,014 - INFO - Progreso: 200/258 tickers procesados.
2026-03-18 14:55:54,604 - INFO - Guardado Exitoso: C:\datos_proyecto\datos_stocks\fmp_prices.parquet. Filas Totales: 386697 (Nuevas: 53669)
2026-03-18 14:55:54,681 - INFO - --- REPORTE FINAL ---
2026-03-18 14:55:54,682 - WARNING - Modo Diario falló en 3 tickers: ['SPX', 'VIX', 'XSP']
2026-03-18 14:55:54,682 - INFO - --- Iniciando FMP Stock Update (Modo: top3000) ---
2026-03-18 14:55:54,682 - INFO - Escaneando archivos CORE ORATS en C:\datos_proyecto\datos_cores para extraer el Top 3000 tickers por volumen...
2026-03-18 14:55:54,688 - INFO - Analizando los últimos 10 días de mercado...
2026-03-18 14:55:54,689 - INFO - Calculando volumen promedio para la selección del Top 3000...
2026-03-18 14:55:54,703 - INFO - Se extrajeron exitosamente 3000 tickers principales.
2026-03-18 14:55:54,705 - INFO - Universo activo: 3000 tickers.
2026-03-18 14:55:54,880 - INFO - Datos existentes cargados: 4659605 filas.
2026-03-18 14:55:56,779 - INFO - Iniciando descarga DIARIA para 3000 tickers (Start Default: 2019-06-01)...
2026-03-18 14:57:14,933 - INFO - Progreso: 100/3000 tickers procesados.
2026-03-18 14:57:14,963 - INFO - Progreso: 200/3000 tickers procesados.
2026-03-18 14:57:14,975 - INFO - Progreso: 300/3000 tickers procesados.
2026-03-18 14:57:14,977 - INFO - DEBUG: AAPL rows: 1812. Último: 2019-01-02 Close: 39.48
2026-03-18 14:57:14,978 - INFO - Progreso: 400/3000 tickers procesados.
2026-03-18 14:57:14,986 - INFO - Progreso: 500/3000 tickers procesados.
2026-03-18 14:57:14,999 - INFO - Progreso: 600/3000 tickers procesados.
2026-03-18 14:57:15,020 - INFO - Progreso: 700/3000 tickers procesados.
2026-03-18 14:57:15,026 - INFO - Progreso: 800/3000 tickers procesados.
2026-03-18 14:57:15,033 - INFO - Progreso: 900/3000 tickers procesados.
2026-03-18 14:57:15,034 - INFO - Progreso: 1000/3000 tickers procesados.
2026-03-18 14:57:15,043 - INFO - Progreso: 1100/3000 tickers procesados.
2026-03-18 14:57:16,109 - INFO - Progreso: 1200/3000 tickers procesados.
2026-03-18 14:57:17,170 - INFO - Progreso: 1300/3000 tickers procesados.
2026-03-18 14:57:18,173 - INFO - Progreso: 1400/3000 tickers procesados.
2026-03-18 14:57:19,421 - INFO - Progreso: 1500/3000 tickers procesados.
2026-03-18 14:57:20,489 - INFO - Progreso: 1600/3000 tickers procesados.
2026-03-18 14:57:21,513 - INFO - Progreso: 1700/3000 tickers procesados.
2026-03-18 14:57:22,551 - INFO - Progreso: 1800/3000 tickers procesados.
2026-03-18 14:57:23,677 - INFO - Progreso: 1900/3000 tickers procesados.
2026-03-18 14:57:25,108 - INFO - Progreso: 2000/3000 tickers procesados.
2026-03-18 14:57:26,248 - INFO - Progreso: 2100/3000 tickers procesados.
2026-03-18 14:57:27,460 - INFO - Progreso: 2200/3000 tickers procesados.
2026-03-18 14:57:28,615 - INFO - Progreso: 2300/3000 tickers procesados.
2026-03-18 14:57:29,852 - INFO - Progreso: 2400/3000 tickers procesados.
2026-03-18 14:57:31,186 - INFO - Progreso: 2500/3000 tickers procesados.
2026-03-18 14:57:32,401 - INFO - Progreso: 2600/3000 tickers procesados.
2026-03-18 14:57:33,569 - INFO - Progreso: 2700/3000 tickers procesados.
2026-03-18 14:57:34,834 - INFO - Progreso: 2800/3000 tickers procesados.
2026-03-18 14:57:36,090 - INFO - Progreso: 2900/3000 tickers procesados.
2026-03-18 14:57:43,707 - INFO - Guardado Exitoso: C:\datos_proyecto\datos_stocks\fmp_prices_top3000.parquet. Filas Totales: 4659605 (Nuevas: 4653872)
2026-03-18 14:57:44,112 - INFO - --- REPORTE FINAL ---
2026-03-18 14:58:06,728 - INFO - --- Iniciando FMP Stock Update (Modo: daily) ---
2026-03-18 14:58:06,728 - INFO - Cargando Universo desde JSON: C:\datos_proyecto\universo\universo.json
2026-03-18 14:58:06,729 - INFO - Se cargaron 258 tickers únicos del archivo.
2026-03-18 14:58:06,729 - INFO - Universo activo: 258 tickers.
2026-03-18 14:58:06,796 - INFO - Datos existentes cargados: 386697 filas.
2026-03-18 14:58:06,967 - INFO - Iniciando descarga DIARIA para 258 tickers (Start Default: 2019-06-01)...
2026-03-18 14:58:14,073 - INFO - Progreso: 200/258 tickers procesados.
2026-03-18 14:58:14,656 - INFO - Guardado Exitoso: C:\datos_proyecto\datos_stocks\fmp_prices.parquet. Filas Totales: 386697 (Nuevas: 53669)
2026-03-18 14:58:14,712 - INFO - --- REPORTE FINAL ---
2026-03-18 14:58:14,712 - WARNING - Modo Diario falló en 3 tickers: ['SPX', 'VIX', 'XSP']
2026-03-18 14:58:14,713 - INFO - --- Iniciando FMP Stock Update (Modo: top3000) ---
2026-03-18 14:58:14,713 - INFO - Escaneando archivos CORE ORATS en C:\datos_proyecto\datos_cores para extraer el Top 3000 tickers por volumen...
2026-03-18 14:58:14,719 - INFO - Analizando los últimos 10 días de mercado...
2026-03-18 14:58:14,720 - INFO - Calculando volumen promedio para la selección del Top 3000...
2026-03-18 14:58:14,736 - INFO - Se extrajeron exitosamente 3000 tickers principales.
2026-03-18 14:58:14,737 - INFO - Universo activo: 3000 tickers.
2026-03-18 14:58:14,907 - INFO - Datos existentes cargados: 4659605 filas.
2026-03-18 14:58:16,817 - INFO - Iniciando descarga DIARIA para 3000 tickers (Start Default: 2019-06-01)...
2026-03-18 14:59:37,678 - INFO - Progreso: 0/3000 tickers procesados.
2026-03-18 14:59:37,681 - INFO - Progreso: 100/3000 tickers procesados.
2026-03-18 14:59:37,682 - INFO - Progreso: 200/3000 tickers procesados.
2026-03-18 14:59:37,700 - INFO - Progreso: 300/3000 tickers procesados.
2026-03-18 14:59:37,704 - INFO - Progreso: 400/3000 tickers procesados.
2026-03-18 14:59:37,705 - INFO - Progreso: 500/3000 tickers procesados.
2026-03-18 14:59:37,706 - INFO - Progreso: 600/3000 tickers procesados.
2026-03-18 14:59:37,709 - INFO - Progreso: 700/3000 tickers procesados.
2026-03-18 14:59:37,729 - INFO - Progreso: 800/3000 tickers procesados.
2026-03-18 14:59:37,756 - INFO - Progreso: 900/3000 tickers procesados.
2026-03-18 14:59:37,759 - INFO - Progreso: 1000/3000 tickers procesados.
2026-03-18 14:59:37,774 - INFO - DEBUG: AAPL rows: 1812. Último: 2019-01-02 Close: 39.48
2026-03-18 14:59:37,776 - INFO - Progreso: 1100/3000 tickers procesados.
2026-03-18 14:59:37,786 - INFO - Progreso: 1100/3000 tickers procesados.
2026-03-18 14:59:38,655 - INFO - Progreso: 1200/3000 tickers procesados.
2026-03-18 14:59:40,025 - INFO - Progreso: 1300/3000 tickers procesados.
2026-03-18 14:59:41,166 - INFO - Progreso: 1400/3000 tickers procesados.
2026-03-18 14:59:42,364 - INFO - Progreso: 1500/3000 tickers procesados.
2026-03-18 14:59:43,649 - INFO - Progreso: 1600/3000 tickers procesados.
2026-03-18 14:59:44,814 - INFO - Progreso: 1700/3000 tickers procesados.
2026-03-18 14:59:45,895 - INFO - Progreso: 1800/3000 tickers procesados.
2026-03-18 14:59:47,063 - INFO - Progreso: 1900/3000 tickers procesados.
2026-03-18 14:59:48,153 - INFO - Progreso: 2000/3000 tickers procesados.
2026-03-18 14:59:49,210 - INFO - Progreso: 2100/3000 tickers procesados.
2026-03-18 14:59:50,455 - INFO - Progreso: 2200/3000 tickers procesados.
2026-03-18 14:59:51,452 - INFO - Progreso: 2300/3000 tickers procesados.
2026-03-18 14:59:52,560 - INFO - Progreso: 2400/3000 tickers procesados.
2026-03-18 14:59:53,785 - INFO - Progreso: 2500/3000 tickers procesados.
2026-03-18 14:59:54,964 - INFO - Progreso: 2600/3000 tickers procesados.
2026-03-18 14:59:56,163 - INFO - Progreso: 2700/3000 tickers procesados.
2026-03-18 14:59:57,215 - INFO - Progreso: 2800/3000 tickers procesados.
2026-03-18 14:59:58,501 - INFO - Progreso: 2900/3000 tickers procesados.
2026-03-18 15:00:06,100 - INFO - Guardado Exitoso: C:\datos_proyecto\datos_stocks\fmp_prices_top3000.parquet. Filas Totales: 4659605 (Nuevas: 4653872)
2026-03-18 15:00:06,506 - INFO - --- REPORTE FINAL ---
2026-03-18 16:05:30,562 - INFO - --- Iniciando FMP Stock Update (Modo: daily) ---
2026-03-18 16:05:30,562 - INFO - Cargando Universo desde JSON: C:\datos_proyecto\universo\universo.json
2026-03-18 16:05:30,563 - INFO - Se cargaron 258 tickers únicos del archivo.
2026-03-18 16:05:30,563 - INFO - Universo activo: 258 tickers.
2026-03-18 16:05:30,623 - INFO - Datos existentes cargados: 386697 filas.
2026-03-18 16:05:30,783 - INFO - Iniciando descarga DIARIA para 258 tickers (Start Default: 2019-06-01)...
2026-03-18 16:05:37,941 - INFO - Progreso: 200/258 tickers procesados.
2026-03-18 16:05:38,516 - INFO - Guardado Exitoso: C:\datos_proyecto\datos_stocks\fmp_prices.parquet. Filas Totales: 386697 (Nuevas: 53669)
2026-03-18 16:05:38,601 - INFO - --- REPORTE FINAL ---
2026-03-18 16:05:38,602 - WARNING - Modo Diario falló en 3 tickers: ['SPX', 'VIX', 'XSP']
2026-03-18 16:05:38,602 - INFO - --- Iniciando FMP Stock Update (Modo: top3000) ---
2026-03-18 16:05:38,602 - INFO - Escaneando archivos CORE ORATS en C:\datos_proyecto\datos_cores para extraer el Top 3000 tickers por volumen...
2026-03-18 16:05:38,609 - INFO - Analizando los últimos 10 días de mercado...
2026-03-18 16:05:38,609 - INFO - Calculando volumen promedio para la selección del Top 3000...
2026-03-18 16:05:38,625 - INFO - Se extrajeron exitosamente 3000 tickers principales.
2026-03-18 16:05:38,627 - INFO - Universo activo: 3000 tickers.
2026-03-18 16:05:38,803 - INFO - Datos existentes cargados: 4659605 filas.
2026-03-18 16:05:40,725 - INFO - Iniciando descarga DIARIA para 3000 tickers (Start Default: 2019-06-01)...
2026-03-18 16:06:59,715 - INFO - Progreso: 100/3000 tickers procesados.
2026-03-18 16:06:59,718 - INFO - Progreso: 200/3000 tickers procesados.
2026-03-18 16:06:59,721 - INFO - Progreso: 300/3000 tickers procesados.
2026-03-18 16:06:59,740 - INFO - Progreso: 400/3000 tickers procesados.
2026-03-18 16:06:59,751 - INFO - Progreso: 500/3000 tickers procesados.
2026-03-18 16:06:59,761 - INFO - Progreso: 600/3000 tickers procesados.
2026-03-18 16:06:59,762 - INFO - Progreso: 700/3000 tickers procesados.
2026-03-18 16:06:59,765 - INFO - Progreso: 800/3000 tickers procesados.
2026-03-18 16:06:59,766 - INFO - Progreso: 900/3000 tickers procesados.
2026-03-18 16:06:59,767 - INFO - Progreso: 1000/3000 tickers procesados.
2026-03-18 16:06:59,769 - INFO - DEBUG: AAPL rows: 1812. Último: 2019-01-02 Close: 39.48
2026-03-18 16:06:59,779 - INFO - Progreso: 1100/3000 tickers procesados.
2026-03-18 16:07:00,730 - INFO - Progreso: 1200/3000 tickers procesados.
2026-03-18 16:07:02,357 - INFO - Progreso: 1300/3000 tickers procesados.
2026-03-18 16:07:03,478 - INFO - Progreso: 1400/3000 tickers procesados.
2026-03-18 16:07:04,601 - INFO - Progreso: 1500/3000 tickers procesados.
2026-03-18 16:07:05,803 - INFO - Progreso: 1600/3000 tickers procesados.
2026-03-18 16:07:06,925 - INFO - Progreso: 1700/3000 tickers procesados.
2026-03-18 16:07:07,973 - INFO - Progreso: 1800/3000 tickers procesados.
2026-03-18 16:07:09,157 - INFO - Progreso: 1900/3000 tickers procesados.
2026-03-18 16:07:10,298 - INFO - Progreso: 2000/3000 tickers procesados.
2026-03-18 16:07:11,431 - INFO - Progreso: 2100/3000 tickers procesados.
2026-03-18 16:07:12,722 - INFO - Progreso: 2200/3000 tickers procesados.
2026-03-18 16:07:13,723 - INFO - Progreso: 2300/3000 tickers procesados.
2026-03-18 16:07:14,736 - INFO - Progreso: 2400/3000 tickers procesados.
2026-03-18 16:07:15,961 - INFO - Progreso: 2500/3000 tickers procesados.
2026-03-18 16:07:17,061 - INFO - Progreso: 2600/3000 tickers procesados.
2026-03-18 16:07:18,169 - INFO - Progreso: 2700/3000 tickers procesados.
2026-03-18 16:07:19,420 - INFO - Progreso: 2800/3000 tickers procesados.
2026-03-18 16:07:20,658 - INFO - Progreso: 2900/3000 tickers procesados.
2026-03-18 16:07:28,249 - INFO - Guardado Exitoso: C:\datos_proyecto\datos_stocks\fmp_prices_top3000.parquet. Filas Totales: 4659605 (Nuevas: 4653872)
2026-03-18 16:07:28,641 - INFO - --- REPORTE FINAL ---
2026-03-18 20:26:20,023 - INFO - --- Iniciando FMP Stock Update (Modo: daily) ---
2026-03-18 20:26:20,024 - INFO - Cargando Universo desde JSON: C:\datos_proyecto\universo\universo.json
2026-03-18 20:26:20,024 - INFO - Se cargaron 258 tickers únicos del archivo.
2026-03-18 20:26:20,025 - INFO - Universo activo: 258 tickers.
2026-03-18 20:26:20,540 - INFO - Datos existentes cargados: 386697 filas.
2026-03-18 20:26:20,701 - INFO - Iniciando descarga DIARIA para 258 tickers (Start Default: 2019-06-01)...
2026-03-18 20:26:27,800 - INFO - Progreso: 200/258 tickers procesados.
2026-03-18 20:26:28,354 - INFO - Guardado Exitoso: C:\datos_proyecto\datos_stocks\fmp_prices.parquet. Filas Totales: 386697 (Nuevas: 53669)
2026-03-18 20:26:28,413 - INFO - --- REPORTE FINAL ---
2026-03-18 20:26:28,413 - WARNING - Modo Diario falló en 3 tickers: ['SPX', 'VIX', 'XSP']
2026-03-18 20:26:28,414 - INFO - --- Iniciando FMP Stock Update (Modo: top3000) ---
2026-03-18 20:26:28,414 - INFO - Escaneando archivos CORE ORATS en C:\datos_proyecto\datos_cores para extraer el Top 3000 tickers por volumen...
2026-03-18 20:26:28,420 - INFO - Analizando los últimos 10 días de mercado...
2026-03-18 20:26:28,421 - INFO - Calculando volumen promedio para la selección del Top 3000...
2026-03-18 20:26:28,438 - INFO - Se extrajeron exitosamente 3000 tickers principales.
2026-03-18 20:26:28,439 - INFO - Universo activo: 3000 tickers.
2026-03-18 20:26:28,719 - INFO - Datos existentes cargados: 4659605 filas.
2026-03-18 20:26:30,781 - INFO - Iniciando descarga DIARIA para 3000 tickers (Start Default: 2019-06-01)...
2026-03-18 20:27:50,363 - INFO - Progreso: 100/3000 tickers procesados.
2026-03-18 20:27:50,364 - INFO - Progreso: 200/3000 tickers procesados.
2026-03-18 20:27:50,365 - INFO - Progreso: 300/3000 tickers procesados.
2026-03-18 20:27:50,369 - INFO - Progreso: 400/3000 tickers procesados.
2026-03-18 20:27:50,370 - INFO - Progreso: 500/3000 tickers procesados.
2026-03-18 20:27:50,377 - INFO - DEBUG: AAPL rows: 1812. Último: 2019-01-02 Close: 39.48
2026-03-18 20:27:50,389 - INFO - Progreso: 600/3000 tickers procesados.
2026-03-18 20:27:50,391 - INFO - Progreso: 700/3000 tickers procesados.
2026-03-18 20:27:50,392 - INFO - Progreso: 800/3000 tickers procesados.
2026-03-18 20:27:50,393 - INFO - Progreso: 900/3000 tickers procesados.
2026-03-18 20:27:50,393 - INFO - Progreso: 1000/3000 tickers procesados.
2026-03-18 20:27:51,320 - INFO - Progreso: 1100/3000 tickers procesados.
2026-03-18 20:27:52,484 - INFO - Progreso: 1200/3000 tickers procesados.
2026-03-18 20:27:53,777 - INFO - Progreso: 1300/3000 tickers procesados.
2026-03-18 20:27:54,907 - INFO - Progreso: 1400/3000 tickers procesados.
2026-03-18 20:27:56,034 - INFO - Progreso: 1500/3000 tickers procesados.
2026-03-18 20:27:57,300 - INFO - Progreso: 1600/3000 tickers procesados.
2026-03-18 20:27:58,396 - INFO - Progreso: 1700/3000 tickers procesados.
2026-03-18 20:27:59,722 - INFO - Progreso: 1800/3000 tickers procesados.
2026-03-18 20:28:01,431 - INFO - Progreso: 1900/3000 tickers procesados.
2026-03-18 20:28:02,825 - INFO - Progreso: 2000/3000 tickers procesados.
2026-03-18 20:28:04,169 - INFO - Progreso: 2100/3000 tickers procesados.
2026-03-18 20:28:05,547 - INFO - Progreso: 2200/3000 tickers procesados.
2026-03-18 20:28:06,767 - INFO - Progreso: 2300/3000 tickers procesados.
2026-03-18 20:28:08,039 - INFO - Progreso: 2400/3000 tickers procesados.
2026-03-18 20:28:09,624 - INFO - Progreso: 2500/3000 tickers procesados.
2026-03-18 20:28:11,227 - INFO - Progreso: 2600/3000 tickers procesados.
2026-03-18 20:28:12,633 - INFO - Progreso: 2700/3000 tickers procesados.
2026-03-18 20:28:14,331 - INFO - Progreso: 2800/3000 tickers procesados.
2026-03-18 20:28:15,657 - INFO - Progreso: 2900/3000 tickers procesados.
2026-03-18 20:28:23,636 - INFO - Guardado Exitoso: C:\datos_proyecto\datos_stocks\fmp_prices_top3000.parquet. Filas Totales: 4659605 (Nuevas: 4653872)
2026-03-18 20:28:24,040 - INFO - --- REPORTE FINAL ---
2026-03-18 20:51:34,577 - INFO - --- Iniciando FMP Stock Update (Modo: daily) ---
2026-03-18 20:51:34,578 - INFO - Cargando Universo desde JSON: C:\datos_proyecto\universo\universo.json
2026-03-18 20:51:34,578 - INFO - Se cargaron 258 tickers únicos del archivo.
2026-03-18 20:51:34,578 - INFO - Universo activo: 258 tickers.
2026-03-18 20:51:34,642 - INFO - Datos existentes cargados: 386697 filas.
2026-03-18 20:51:34,818 - INFO - Iniciando descarga DIARIA para 258 tickers (Start Default: 2019-06-01)...
2026-03-18 20:51:41,944 - INFO - Progreso: 200/258 tickers procesados.
2026-03-18 20:51:42,545 - INFO - Guardado Exitoso: C:\datos_proyecto\datos_stocks\fmp_prices.parquet. Filas Totales: 386697 (Nuevas: 53669)
2026-03-18 20:51:42,630 - INFO - --- REPORTE FINAL ---
2026-03-18 20:51:42,631 - WARNING - Modo Diario falló en 3 tickers: ['SPX', 'VIX', 'XSP']
2026-03-18 20:51:42,631 - INFO - --- Iniciando FMP Stock Update (Modo: top3000) ---
2026-03-18 20:51:42,631 - INFO - Escaneando archivos CORE ORATS en C:\datos_proyecto\datos_cores para extraer el Top 3000 tickers por volumen...
2026-03-18 20:51:42,638 - INFO - Analizando los últimos 10 días de mercado...
2026-03-18 20:51:42,638 - INFO - Calculando volumen promedio para la selección del Top 3000...
2026-03-18 20:51:42,654 - INFO - Se extrajeron exitosamente 3000 tickers principales.
2026-03-18 20:51:42,655 - INFO - Universo activo: 3000 tickers.
2026-03-18 20:51:42,866 - INFO - Datos existentes cargados: 4659605 filas.
2026-03-18 20:51:44,846 - INFO - Iniciando descarga DIARIA para 3000 tickers (Start Default: 2019-06-01)...
2026-03-18 20:53:03,125 - INFO - Progreso: 100/3000 tickers procesados.
2026-03-18 20:53:03,155 - INFO - Progreso: 200/3000 tickers procesados.
2026-03-18 20:53:03,157 - INFO - Progreso: 300/3000 tickers procesados.
2026-03-18 20:53:03,159 - INFO - Progreso: 400/3000 tickers procesados.
2026-03-18 20:53:03,165 - INFO - Progreso: 500/3000 tickers procesados.
2026-03-18 20:53:03,167 - INFO - Progreso: 600/3000 tickers procesados.
2026-03-18 20:53:03,168 - INFO - Progreso: 700/3000 tickers procesados.
2026-03-18 20:53:03,169 - INFO - Progreso: 800/3000 tickers procesados.
2026-03-18 20:53:03,189 - INFO - DEBUG: AAPL rows: 1812. Último: 2019-01-02 Close: 39.48
2026-03-18 20:53:03,197 - INFO - Progreso: 900/3000 tickers procesados.
2026-03-18 20:53:03,200 - INFO - Progreso: 1000/3000 tickers procesados.
2026-03-18 20:53:03,505 - INFO - Progreso: 1100/3000 tickers procesados.
2026-03-18 20:53:05,827 - INFO - Progreso: 1200/3000 tickers procesados.
2026-03-18 20:53:08,124 - INFO - Progreso: 1300/3000 tickers procesados.
2026-03-18 20:53:09,244 - INFO - Progreso: 1400/3000 tickers procesados.
2026-03-18 20:53:10,493 - INFO - Progreso: 1500/3000 tickers procesados.
2026-03-18 20:53:11,741 - INFO - Progreso: 1600/3000 tickers procesados.
2026-03-18 20:53:12,906 - INFO - Progreso: 1700/3000 tickers procesados.
2026-03-18 20:53:14,064 - INFO - Progreso: 1800/3000 tickers procesados.
2026-03-18 20:53:15,418 - INFO - Progreso: 1900/3000 tickers procesados.
2026-03-18 20:53:16,527 - INFO - Progreso: 2000/3000 tickers procesados.
2026-03-18 20:53:17,680 - INFO - Progreso: 2100/3000 tickers procesados.
2026-03-18 20:53:18,896 - INFO - Progreso: 2200/3000 tickers procesados.
2026-03-18 20:53:20,066 - INFO - Progreso: 2300/3000 tickers procesados.
2026-03-18 20:53:21,369 - INFO - Progreso: 2400/3000 tickers procesados.
2026-03-18 20:53:22,672 - INFO - Progreso: 2500/3000 tickers procesados.
2026-03-18 20:53:23,741 - INFO - Progreso: 2600/3000 tickers procesados.
2026-03-18 20:53:24,922 - INFO - Progreso: 2700/3000 tickers procesados.
2026-03-18 20:53:26,065 - INFO - Progreso: 2800/3000 tickers procesados.
2026-03-18 20:53:27,344 - INFO - Progreso: 2900/3000 tickers procesados.
2026-03-18 20:53:34,933 - INFO - Guardado Exitoso: C:\datos_proyecto\datos_stocks\fmp_prices_top3000.parquet. Filas Totales: 4659605 (Nuevas: 4653872)
2026-03-18 20:53:35,346 - INFO - --- REPORTE FINAL ---
2026-03-18 20:58:32,393 - INFO - --- Iniciando FMP Stock Update (Modo: daily) ---
2026-03-18 20:58:32,393 - INFO - Cargando Universo desde JSON: C:\datos_proyecto\universo\universo.json
2026-03-18 20:58:32,393 - INFO - Se cargaron 258 tickers únicos del archivo.
2026-03-18 20:58:32,394 - INFO - Universo activo: 258 tickers.
2026-03-18 20:58:32,459 - INFO - Datos existentes cargados: 386697 filas.
2026-03-18 20:58:32,622 - INFO - Iniciando descarga DIARIA para 258 tickers (Start Default: 2019-06-01)...
2026-03-18 20:58:39,681 - INFO - Progreso: 200/258 tickers procesados.
2026-03-18 20:58:40,239 - INFO - Guardado Exitoso: C:\datos_proyecto\datos_stocks\fmp_prices.parquet. Filas Totales: 386697 (Nuevas: 53669)
2026-03-18 20:58:40,296 - INFO - --- REPORTE FINAL ---
2026-03-18 20:58:40,297 - WARNING - Modo Diario falló en 3 tickers: ['SPX', 'VIX', 'XSP']
2026-03-18 20:58:40,297 - INFO - --- Iniciando FMP Stock Update (Modo: top3000) ---
2026-03-18 20:58:40,297 - INFO - Escaneando archivos CORE ORATS en C:\datos_proyecto\datos_cores para extraer el Top 3000 tickers por volumen...
2026-03-18 20:58:40,303 - INFO - Analizando los últimos 10 días de mercado...
2026-03-18 20:58:40,304 - INFO - Calculando volumen promedio para la selección del Top 3000...
2026-03-18 20:58:40,318 - INFO - Se extrajeron exitosamente 3000 tickers principales.
2026-03-18 20:58:40,319 - INFO - Universo activo: 3000 tickers.
2026-03-18 20:58:40,495 - INFO - Datos existentes cargados: 4659605 filas.
2026-03-18 20:58:42,430 - INFO - Iniciando descarga DIARIA para 3000 tickers (Start Default: 2019-06-01)...
2026-03-18 21:00:00,656 - INFO - Progreso: 100/3000 tickers procesados.
2026-03-18 21:00:00,657 - INFO - Progreso: 200/3000 tickers procesados.
2026-03-18 21:00:00,664 - INFO - Progreso: 300/3000 tickers procesados.
2026-03-18 21:00:00,666 - INFO - Progreso: 400/3000 tickers procesados.
2026-03-18 21:00:00,678 - INFO - Progreso: 500/3000 tickers procesados.
2026-03-18 21:00:00,682 - INFO - Progreso: 600/3000 tickers procesados.
2026-03-18 21:00:00,690 - INFO - Progreso: 700/3000 tickers procesados.
2026-03-18 21:00:00,697 - INFO - Progreso: 700/3000 tickers procesados.
2026-03-18 21:00:00,713 - INFO - Progreso: 800/3000 tickers procesados.
2026-03-18 21:00:00,715 - INFO - DEBUG: AAPL rows: 1812. Último: 2019-01-02 Close: 39.48
2026-03-18 21:00:00,718 - INFO - Progreso: 900/3000 tickers procesados.
2026-03-18 21:00:00,719 - INFO - Progreso: 1000/3000 tickers procesados.
2026-03-18 21:00:03,284 - INFO - Progreso: 1100/3000 tickers procesados.
2026-03-18 21:00:07,552 - INFO - Progreso: 1200/3000 tickers procesados.
2026-03-18 21:00:09,639 - INFO - Progreso: 1300/3000 tickers procesados.
2026-03-18 21:00:11,051 - INFO - Progreso: 1400/3000 tickers procesados.
2026-03-18 21:00:12,274 - INFO - Progreso: 1500/3000 tickers procesados.
2026-03-18 21:00:13,506 - INFO - Progreso: 1600/3000 tickers procesados.
2026-03-18 21:00:14,773 - INFO - Progreso: 1700/3000 tickers procesados.
2026-03-18 21:00:15,867 - INFO - Progreso: 1800/3000 tickers procesados.
2026-03-18 21:00:17,186 - INFO - Progreso: 1900/3000 tickers procesados.
2026-03-18 21:00:18,370 - INFO - Progreso: 2000/3000 tickers procesados.
2026-03-18 21:00:19,595 - INFO - Progreso: 2100/3000 tickers procesados.
2026-03-18 21:00:20,845 - INFO - Progreso: 2200/3000 tickers procesados.
2026-03-18 21:00:21,985 - INFO - Progreso: 2300/3000 tickers procesados.
2026-03-18 21:00:23,192 - INFO - Progreso: 2400/3000 tickers procesados.
2026-03-18 21:00:24,324 - INFO - Progreso: 2500/3000 tickers procesados.
2026-03-18 21:00:25,558 - INFO - Progreso: 2600/3000 tickers procesados.
2026-03-18 21:00:26,788 - INFO - Progreso: 2700/3000 tickers procesados.
2026-03-18 21:00:27,848 - INFO - Progreso: 2800/3000 tickers procesados.
2026-03-18 21:00:29,229 - INFO - Progreso: 2900/3000 tickers procesados.
2026-03-18 21:00:36,960 - INFO - Guardado Exitoso: C:\datos_proyecto\datos_stocks\fmp_prices_top3000.parquet. Filas Totales: 4659605 (Nuevas: 4653872)
2026-03-18 21:00:37,357 - INFO - --- REPORTE FINAL ---
2026-03-18 21:03:32,221 - INFO - --- Iniciando FMP Stock Update (Modo: daily) ---
2026-03-18 21:03:32,222 - INFO - Cargando Universo desde JSON: C:\datos_proyecto\universo\universo.json
2026-03-18 21:03:32,222 - INFO - Se cargaron 258 tickers únicos del archivo.
2026-03-18 21:03:32,222 - INFO - Universo activo: 258 tickers.
2026-03-18 21:03:32,279 - INFO - Datos existentes cargados: 386697 filas.
2026-03-18 21:03:32,440 - INFO - Iniciando descarga DIARIA para 258 tickers (Start Default: 2019-06-01)...
2026-03-18 21:03:39,404 - INFO - Progreso: 200/258 tickers procesados.
2026-03-18 21:03:39,981 - INFO - Guardado Exitoso: C:\datos_proyecto\datos_stocks\fmp_prices.parquet. Filas Totales: 386697 (Nuevas: 53669)
2026-03-18 21:03:40,039 - INFO - --- REPORTE FINAL ---
2026-03-18 21:03:40,039 - WARNING - Modo Diario falló en 3 tickers: ['SPX', 'VIX', 'XSP']
2026-03-18 21:03:40,039 - INFO - --- Iniciando FMP Stock Update (Modo: top3000) ---
2026-03-18 21:03:40,040 - INFO - Escaneando archivos CORE ORATS en C:\datos_proyecto\datos_cores para extraer el Top 3000 tickers por volumen...
2026-03-18 21:03:40,046 - INFO - Analizando los últimos 10 días de mercado...
2026-03-18 21:03:40,047 - INFO - Calculando volumen promedio para la selección del Top 3000...
2026-03-18 21:03:40,063 - INFO - Se extrajeron exitosamente 3000 tickers principales.
2026-03-18 21:03:40,064 - INFO - Universo activo: 3000 tickers.
2026-03-18 21:03:40,274 - INFO - Datos existentes cargados: 4659605 filas.
2026-03-18 21:03:42,220 - INFO - Iniciando descarga DIARIA para 3000 tickers (Start Default: 2019-06-01)...
2026-03-18 21:05:00,225 - INFO - Progreso: 100/3000 tickers procesados.
2026-03-18 21:05:00,227 - INFO - Progreso: 200/3000 tickers procesados.
2026-03-18 21:05:00,233 - INFO - DEBUG: AAPL rows: 1812. Último: 2019-01-02 Close: 39.48
2026-03-18 21:05:00,235 - INFO - Progreso: 300/3000 tickers procesados.
2026-03-18 21:05:00,245 - INFO - Progreso: 400/3000 tickers procesados.
2026-03-18 21:05:00,246 - INFO - Progreso: 500/3000 tickers procesados.
2026-03-18 21:05:00,265 - INFO - Progreso: 600/3000 tickers procesados.
2026-03-18 21:05:00,282 - INFO - Progreso: 700/3000 tickers procesados.
2026-03-18 21:05:00,284 - INFO - Progreso: 800/3000 tickers procesados.
2026-03-18 21:05:00,285 - INFO - Progreso: 900/3000 tickers procesados.
2026-03-18 21:05:00,301 - INFO - Progreso: 1000/3000 tickers procesados.
2026-03-18 21:05:00,307 - INFO - Progreso: 1100/3000 tickers procesados.
2026-03-18 21:05:01,497 - INFO - Progreso: 1200/3000 tickers procesados.
2026-03-18 21:05:02,924 - INFO - Progreso: 1300/3000 tickers procesados.
2026-03-18 21:05:04,102 - INFO - Progreso: 1400/3000 tickers procesados.
2026-03-18 21:05:05,149 - INFO - Progreso: 1500/3000 tickers procesados.
2026-03-18 21:05:06,375 - INFO - Progreso: 1600/3000 tickers procesados.
2026-03-18 21:05:07,497 - INFO - Progreso: 1700/3000 tickers procesados.
2026-03-18 21:05:08,573 - INFO - Progreso: 1800/3000 tickers procesados.
2026-03-18 21:05:09,778 - INFO - Progreso: 1900/3000 tickers procesados.
2026-03-18 21:05:10,976 - INFO - Progreso: 2000/3000 tickers procesados.
2026-03-18 21:05:12,114 - INFO - Progreso: 2100/3000 tickers procesados.
2026-03-18 21:05:13,263 - INFO - Progreso: 2200/3000 tickers procesados.
2026-03-18 21:05:14,344 - INFO - Progreso: 2300/3000 tickers procesados.
2026-03-18 21:05:15,563 - INFO - Progreso: 2400/3000 tickers procesados.
2026-03-18 21:05:16,655 - INFO - Progreso: 2500/3000 tickers procesados.
2026-03-18 21:05:17,925 - INFO - Progreso: 2600/3000 tickers procesados.
2026-03-18 21:05:19,052 - INFO - Progreso: 2700/3000 tickers procesados.
2026-03-18 21:05:20,126 - INFO - Progreso: 2800/3000 tickers procesados.
2026-03-18 21:05:21,467 - INFO - Progreso: 2900/3000 tickers procesados.
2026-03-18 21:05:29,122 - INFO - Guardado Exitoso: C:\datos_proyecto\datos_stocks\fmp_prices_top3000.parquet. Filas Totales: 4659605 (Nuevas: 4653872)
2026-03-18 21:05:29,527 - INFO - --- REPORTE FINAL ---
2026-03-18 21:33:52,493 - INFO - --- Iniciando FMP Stock Update (Modo: daily) ---
2026-03-18 21:33:52,493 - INFO - Cargando Universo desde JSON: C:\datos_proyecto\universo\universo.json
2026-03-18 21:33:52,494 - INFO - Se cargaron 258 tickers únicos del archivo.
2026-03-18 21:33:52,494 - INFO - Universo activo: 258 tickers.
2026-03-18 21:33:52,558 - INFO - Datos existentes cargados: 386697 filas.
2026-03-18 21:33:52,728 - INFO - Iniciando descarga DIARIA para 258 tickers (Start Default: 2019-06-01)...
2026-03-18 21:34:00,593 - INFO - Progreso: 200/258 tickers procesados.
2026-03-18 21:34:01,419 - INFO - Guardado Exitoso: C:\datos_proyecto\datos_stocks\fmp_prices.parquet. Filas Totales: 386697 (Nuevas: 53669)
2026-03-18 21:34:01,479 - INFO - --- REPORTE FINAL ---
2026-03-18 21:34:01,479 - WARNING - Modo Diario falló en 3 tickers: ['SPX', 'VIX', 'XSP']
2026-03-18 21:34:01,480 - INFO - --- Iniciando FMP Stock Update (Modo: top3000) ---
2026-03-18 21:34:01,480 - INFO - Escaneando archivos CORE ORATS en C:\datos_proyecto\datos_cores para extraer el Top 3000 tickers por volumen...
2026-03-18 21:34:01,487 - INFO - Analizando los últimos 10 días de mercado...
2026-03-18 21:34:01,488 - INFO - Calculando volumen promedio para la selección del Top 3000...
2026-03-18 21:34:01,503 - INFO - Se extrajeron exitosamente 3000 tickers principales.
2026-03-18 21:34:01,506 - INFO - Universo activo: 3000 tickers.
2026-03-18 21:34:01,855 - INFO - Datos existentes cargados: 4659605 filas.
2026-03-18 21:34:04,078 - INFO - Iniciando descarga DIARIA para 3000 tickers (Start Default: 2019-06-01)...
2026-03-18 21:35:30,445 - INFO - Progreso: 100/3000 tickers procesados.
2026-03-18 21:35:30,471 - INFO - Progreso: 200/3000 tickers procesados.
2026-03-18 21:35:30,473 - INFO - Progreso: 300/3000 tickers procesados.
2026-03-18 21:35:30,474 - INFO - Progreso: 400/3000 tickers procesados.
2026-03-18 21:35:30,481 - INFO - DEBUG: AAPL rows: 1812. Último: 2019-01-02 Close: 39.48
2026-03-18 21:35:30,482 - INFO - Progreso: 500/3000 tickers procesados.
2026-03-18 21:35:30,505 - INFO - Progreso: 600/3000 tickers procesados.
2026-03-18 21:35:30,518 - INFO - Progreso: 700/3000 tickers procesados.
2026-03-18 21:35:30,523 - INFO - Progreso: 800/3000 tickers procesados.
2026-03-18 21:35:30,534 - INFO - Progreso: 900/3000 tickers procesados.
2026-03-18 21:35:30,537 - INFO - Progreso: 1000/3000 tickers procesados.
2026-03-18 21:35:30,555 - INFO - Progreso: 1100/3000 tickers procesados.
2026-03-18 21:35:30,820 - INFO - Progreso: 1200/3000 tickers procesados.
2026-03-18 21:35:32,148 - INFO - Progreso: 1300/3000 tickers procesados.
2026-03-18 21:35:33,346 - INFO - Progreso: 1400/3000 tickers procesados.
2026-03-18 21:35:34,583 - INFO - Progreso: 1500/3000 tickers procesados.
2026-03-18 21:35:35,713 - INFO - Progreso: 1600/3000 tickers procesados.
2026-03-18 21:35:36,849 - INFO - Progreso: 1700/3000 tickers procesados.
2026-03-18 21:35:37,948 - INFO - Progreso: 1800/3000 tickers procesados.
2026-03-18 21:35:39,185 - INFO - Progreso: 1900/3000 tickers procesados.
2026-03-18 21:35:40,382 - INFO - Progreso: 2000/3000 tickers procesados.
2026-03-18 21:35:41,456 - INFO - Progreso: 2100/3000 tickers procesados.
2026-03-18 21:35:42,662 - INFO - Progreso: 2200/3000 tickers procesados.
2026-03-18 21:35:43,811 - INFO - Progreso: 2300/3000 tickers procesados.
2026-03-18 21:35:44,976 - INFO - Progreso: 2400/3000 tickers procesados.
2026-03-18 21:35:46,386 - INFO - Progreso: 2500/3000 tickers procesados.
2026-03-18 21:35:47,508 - INFO - Progreso: 2600/3000 tickers procesados.
2026-03-18 21:35:48,627 - INFO - Progreso: 2700/3000 tickers procesados.
2026-03-18 21:35:49,903 - INFO - Progreso: 2800/3000 tickers procesados.
2026-03-18 21:35:51,111 - INFO - Progreso: 2900/3000 tickers procesados.
2026-03-18 21:35:58,941 - INFO - Guardado Exitoso: C:\datos_proyecto\datos_stocks\fmp_prices_top3000.parquet. Filas Totales: 4659605 (Nuevas: 4653872)
2026-03-18 21:35:59,371 - INFO - --- REPORTE FINAL ---
2026-03-18 21:46:57,519 - INFO - --- Iniciando FMP Stock Update (Modo: daily) ---
2026-03-18 21:46:57,520 - INFO - Cargando Universo desde JSON: C:\datos_proyecto\universo\universo.json
2026-03-18 21:46:57,520 - INFO - Se cargaron 258 tickers únicos del archivo.
2026-03-18 21:46:57,520 - INFO - Universo activo: 258 tickers.
2026-03-18 21:46:57,597 - INFO - Datos existentes cargados: 386697 filas.
2026-03-18 21:46:57,783 - INFO - Iniciando descarga DIARIA para 258 tickers (Start Default: 2019-06-01)...
2026-03-18 21:47:05,447 - INFO - Progreso: 200/258 tickers procesados.
2026-03-18 21:47:06,356 - INFO - Guardado Exitoso: C:\datos_proyecto\datos_stocks\fmp_prices.parquet. Filas Totales: 386697 (Nuevas: 53669)
2026-03-18 21:47:06,448 - INFO - --- REPORTE FINAL ---
2026-03-18 21:47:06,449 - WARNING - Modo Diario falló en 3 tickers: ['SPX', 'VIX', 'XSP']
2026-03-18 21:47:06,449 - INFO - --- Iniciando FMP Stock Update (Modo: top3000) ---
2026-03-18 21:47:06,449 - INFO - Escaneando archivos CORE ORATS en C:\datos_proyecto\datos_cores para extraer el Top 3000 tickers por volumen...
2026-03-18 21:47:06,459 - INFO - Analizando los últimos 10 días de mercado...
2026-03-18 21:47:06,461 - INFO - Calculando volumen promedio para la selección del Top 3000...
2026-03-18 21:47:06,479 - INFO - Se extrajeron exitosamente 3000 tickers principales.
2026-03-18 21:47:06,480 - INFO - Universo activo: 3000 tickers.
2026-03-18 21:47:06,749 - INFO - Datos existentes cargados: 4659605 filas.
2026-03-18 21:47:09,015 - INFO - Iniciando descarga DIARIA para 3000 tickers (Start Default: 2019-06-01)...
2026-03-18 21:48:37,756 - INFO - Progreso: 100/3000 tickers procesados.
2026-03-18 21:48:37,757 - INFO - Progreso: 200/3000 tickers procesados.
2026-03-18 21:48:37,761 - INFO - Progreso: 300/3000 tickers procesados.
2026-03-18 21:48:37,764 - INFO - Progreso: 400/3000 tickers procesados.
2026-03-18 21:48:37,766 - INFO - Progreso: 500/3000 tickers procesados.
2026-03-18 21:48:37,768 - INFO - Progreso: 600/3000 tickers procesados.
2026-03-18 21:48:37,788 - INFO - Progreso: 700/3000 tickers procesados.
2026-03-18 21:48:37,805 - INFO - DEBUG: AAPL rows: 1812. Último: 2019-01-02 Close: 39.48
2026-03-18 21:48:37,807 - INFO - Progreso: 800/3000 tickers procesados.
2026-03-18 21:48:37,830 - INFO - Progreso: 900/3000 tickers procesados.
2026-03-18 21:48:37,840 - INFO - Progreso: 1000/3000 tickers procesados.
2026-03-18 21:48:37,841 - INFO - Progreso: 1100/3000 tickers procesados.
2026-03-18 21:48:38,636 - INFO - Progreso: 1200/3000 tickers procesados.
2026-03-18 21:48:39,898 - INFO - Progreso: 1300/3000 tickers procesados.
2026-03-18 21:48:40,942 - INFO - Progreso: 1400/3000 tickers procesados.
2026-03-18 21:48:42,122 - INFO - Progreso: 1500/3000 tickers procesados.
2026-03-18 21:48:43,203 - INFO - Progreso: 1600/3000 tickers procesados.
2026-03-18 21:48:44,345 - INFO - Progreso: 1700/3000 tickers procesados.
2026-03-18 21:48:45,593 - INFO - Progreso: 1800/3000 tickers procesados.
2026-03-18 21:48:46,686 - INFO - Progreso: 1900/3000 tickers procesados.
2026-03-18 21:48:47,797 - INFO - Progreso: 2000/3000 tickers procesados.
2026-03-18 21:48:48,897 - INFO - Progreso: 2100/3000 tickers procesados.
2026-03-18 21:48:50,154 - INFO - Progreso: 2200/3000 tickers procesados.
2026-03-18 21:48:51,259 - INFO - Progreso: 2300/3000 tickers procesados.
2026-03-18 21:48:52,370 - INFO - Progreso: 2400/3000 tickers procesados.
2026-03-18 21:48:53,616 - INFO - Progreso: 2500/3000 tickers procesados.
2026-03-18 21:48:54,715 - INFO - Progreso: 2600/3000 tickers procesados.
2026-03-18 21:48:55,803 - INFO - Progreso: 2700/3000 tickers procesados.
2026-03-18 21:48:57,055 - INFO - Progreso: 2800/3000 tickers procesados.
2026-03-18 21:48:58,287 - INFO - Progreso: 2900/3000 tickers procesados.
2026-03-18 21:49:06,104 - INFO - Guardado Exitoso: C:\datos_proyecto\datos_stocks\fmp_prices_top3000.parquet. Filas Totales: 4659605 (Nuevas: 4653872)
2026-03-18 21:49:06,546 - INFO - --- REPORTE FINAL ---
2026-03-18 22:06:53,231 - INFO - --- Iniciando FMP Stock Update (Modo: daily) ---
2026-03-18 22:06:53,231 - INFO - Cargando Universo desde JSON: C:\datos_proyecto\universo\universo.json
2026-03-18 22:06:53,232 - INFO - Se cargaron 258 tickers únicos del archivo.
2026-03-18 22:06:53,232 - INFO - Universo activo: 258 tickers.
2026-03-18 22:06:53,292 - INFO - Datos existentes cargados: 386697 filas.
2026-03-18 22:06:53,463 - INFO - Iniciando descarga DIARIA para 258 tickers (Start Default: 2019-06-01)...
2026-03-18 22:07:00,825 - INFO - Progreso: 200/258 tickers procesados.
2026-03-18 22:07:01,835 - INFO - Guardado Exitoso: C:\datos_proyecto\datos_stocks\fmp_prices.parquet. Filas Totales: 386697 (Nuevas: 53669)
2026-03-18 22:07:01,984 - INFO - --- REPORTE FINAL ---
2026-03-18 22:07:01,984 - WARNING - Modo Diario falló en 3 tickers: ['SPX', 'VIX', 'XSP']
2026-03-18 22:07:01,985 - INFO - --- Iniciando FMP Stock Update (Modo: top3000) ---
2026-03-18 22:07:01,985 - INFO - Escaneando archivos CORE ORATS en C:\datos_proyecto\datos_cores para extraer el Top 3000 tickers por volumen...
2026-03-18 22:07:01,993 - INFO - Analizando los últimos 10 días de mercado...
2026-03-18 22:07:01,994 - INFO - Calculando volumen promedio para la selección del Top 3000...
2026-03-18 22:07:02,017 - INFO - Se extrajeron exitosamente 3000 tickers principales.
2026-03-18 22:07:02,019 - INFO - Universo activo: 3000 tickers.
2026-03-18 22:07:02,310 - INFO - Datos existentes cargados: 4659605 filas.
2026-03-18 22:07:04,488 - INFO - Iniciando descarga DIARIA para 3000 tickers (Start Default: 2019-06-01)...
2026-03-18 22:08:29,071 - INFO - Progreso: 100/3000 tickers procesados.
2026-03-18 22:08:29,073 - INFO - Progreso: 200/3000 tickers procesados.
2026-03-18 22:08:29,090 - INFO - Progreso: 300/3000 tickers procesados.
2026-03-18 22:08:29,093 - INFO - Progreso: 300/3000 tickers procesados.
2026-03-18 22:08:29,096 - INFO - Progreso: 400/3000 tickers procesados.
2026-03-18 22:08:29,101 - INFO - Progreso: 500/3000 tickers procesados.
2026-03-18 22:08:29,103 - INFO - DEBUG: AAPL rows: 1812. Último: 2019-01-02 Close: 39.48
2026-03-18 22:08:29,114 - INFO - Progreso: 600/3000 tickers procesados.
2026-03-18 22:08:29,123 - INFO - Progreso: 700/3000 tickers procesados.
2026-03-18 22:08:29,136 - INFO - Progreso: 800/3000 tickers procesados.
2026-03-18 22:08:29,152 - INFO - Progreso: 900/3000 tickers procesados.
2026-03-18 22:08:29,164 - INFO - Progreso: 1000/3000 tickers procesados.
2026-03-18 22:08:29,172 - INFO - Progreso: 1100/3000 tickers procesados.
2026-03-18 22:08:30,433 - INFO - Progreso: 1200/3000 tickers procesados.
2026-03-18 22:08:31,518 - INFO - Progreso: 1300/3000 tickers procesados.
2026-03-18 22:08:32,646 - INFO - Progreso: 1400/3000 tickers procesados.
2026-03-18 22:08:33,921 - INFO - Progreso: 1500/3000 tickers procesados.
2026-03-18 22:08:34,956 - INFO - Progreso: 1600/3000 tickers procesados.
2026-03-18 22:08:36,009 - INFO - Progreso: 1700/3000 tickers procesados.
2026-03-18 22:08:37,259 - INFO - Progreso: 1800/3000 tickers procesados.
2026-03-18 22:08:38,452 - INFO - Progreso: 1900/3000 tickers procesados.
2026-03-18 22:08:39,629 - INFO - Progreso: 2000/3000 tickers procesados.
2026-03-18 22:08:40,752 - INFO - Progreso: 2100/3000 tickers procesados.
2026-03-18 22:08:41,864 - INFO - Progreso: 2200/3000 tickers procesados.
2026-03-18 22:08:42,973 - INFO - Progreso: 2300/3000 tickers procesados.
2026-03-18 22:08:44,206 - INFO - Progreso: 2400/3000 tickers procesados.
2026-03-18 22:08:45,253 - INFO - Progreso: 2500/3000 tickers procesados.
2026-03-18 22:08:46,286 - INFO - Progreso: 2600/3000 tickers procesados.
2026-03-18 22:08:47,399 - INFO - Progreso: 2700/3000 tickers procesados.
2026-03-18 22:08:48,625 - INFO - Progreso: 2800/3000 tickers procesados.
2026-03-18 22:08:49,796 - INFO - Progreso: 2900/3000 tickers procesados.
2026-03-18 22:08:57,068 - INFO - Guardado Exitoso: C:\datos_proyecto\datos_stocks\fmp_prices_top3000.parquet. Filas Totales: 4659605 (Nuevas: 4653872)
2026-03-18 22:08:57,472 - INFO - --- REPORTE FINAL ---
2026-03-18 22:11:32,699 - INFO - --- Iniciando FMP Stock Update (Modo: daily) ---
2026-03-18 22:11:32,700 - INFO - Cargando Universo desde JSON: C:\datos_proyecto\universo\universo.json
2026-03-18 22:11:32,700 - INFO - Se cargaron 258 tickers únicos del archivo.
2026-03-18 22:11:32,700 - INFO - Universo activo: 258 tickers.
2026-03-18 22:11:32,757 - INFO - Datos existentes cargados: 386697 filas.
2026-03-18 22:11:32,920 - INFO - Iniciando descarga DIARIA para 258 tickers (Start Default: 2019-06-01)...
2026-03-18 22:11:40,365 - INFO - Progreso: 200/258 tickers procesados.
2026-03-18 22:11:41,032 - INFO - Guardado Exitoso: C:\datos_proyecto\datos_stocks\fmp_prices.parquet. Filas Totales: 386697 (Nuevas: 53669)
2026-03-18 22:11:41,096 - INFO - --- REPORTE FINAL ---
2026-03-18 22:11:41,097 - WARNING - Modo Diario falló en 3 tickers: ['SPX', 'VIX', 'XSP']
2026-03-18 22:11:41,097 - INFO - --- Iniciando FMP Stock Update (Modo: top3000) ---
2026-03-18 22:11:41,098 - INFO - Escaneando archivos CORE ORATS en C:\datos_proyecto\datos_cores para extraer el Top 3000 tickers por volumen...
2026-03-18 22:11:41,105 - INFO - Analizando los últimos 10 días de mercado...
2026-03-18 22:11:41,106 - INFO - Calculando volumen promedio para la selección del Top 3000...
2026-03-18 22:11:41,122 - INFO - Se extrajeron exitosamente 3000 tickers principales.
2026-03-18 22:11:41,123 - INFO - Universo activo: 3000 tickers.
2026-03-18 22:11:41,370 - INFO - Datos existentes cargados: 4659605 filas.
2026-03-18 22:11:43,337 - INFO - Iniciando descarga DIARIA para 3000 tickers (Start Default: 2019-06-01)...
2026-03-18 22:13:08,587 - INFO - Progreso: 100/3000 tickers procesados.
2026-03-18 22:13:08,587 - INFO - Progreso: 100/3000 tickers procesados.
2026-03-18 22:13:08,588 - INFO - Progreso: 200/3000 tickers procesados.
2026-03-18 22:13:08,592 - INFO - Progreso: 300/3000 tickers procesados.
2026-03-18 22:13:08,611 - INFO - Progreso: 400/3000 tickers procesados.
2026-03-18 22:13:08,614 - INFO - Progreso: 500/3000 tickers procesados.
2026-03-18 22:13:08,627 - INFO - Progreso: 600/3000 tickers procesados.
2026-03-18 22:13:08,628 - INFO - Progreso: 700/3000 tickers procesados.
2026-03-18 22:13:08,640 - INFO - Progreso: 800/3000 tickers procesados.
2026-03-18 22:13:08,678 - INFO - Progreso: 900/3000 tickers procesados.
2026-03-18 22:13:08,679 - INFO - DEBUG: AAPL rows: 1812. Último: 2019-01-02 Close: 39.48
2026-03-18 22:13:08,680 - INFO - Progreso: 1000/3000 tickers procesados.
2026-03-18 22:13:08,682 - INFO - Progreso: 1100/3000 tickers procesados.
2026-03-18 22:13:09,353 - INFO - Progreso: 1200/3000 tickers procesados.
2026-03-18 22:13:10,541 - INFO - Progreso: 1300/3000 tickers procesados.
2026-03-18 22:13:11,594 - INFO - Progreso: 1400/3000 tickers procesados.
2026-03-18 22:13:12,776 - INFO - Progreso: 1500/3000 tickers procesados.
2026-03-18 22:13:13,883 - INFO - Progreso: 1600/3000 tickers procesados.
2026-03-18 22:13:15,009 - INFO - Progreso: 1700/3000 tickers procesados.
2026-03-18 22:13:16,179 - INFO - Progreso: 1800/3000 tickers procesados.
2026-03-18 22:13:17,342 - INFO - Progreso: 1900/3000 tickers procesados.
2026-03-18 22:13:18,405 - INFO - Progreso: 2000/3000 tickers procesados.
2026-03-18 22:13:19,652 - INFO - Progreso: 2100/3000 tickers procesados.
2026-03-18 22:13:20,777 - INFO - Progreso: 2200/3000 tickers procesados.
2026-03-18 22:13:22,169 - INFO - Progreso: 2300/3000 tickers procesados.
2026-03-18 22:13:23,399 - INFO - Progreso: 2400/3000 tickers procesados.
2026-03-18 22:13:24,789 - INFO - Progreso: 2500/3000 tickers procesados.
2026-03-18 22:13:25,845 - INFO - Progreso: 2600/3000 tickers procesados.
2026-03-18 22:13:26,942 - INFO - Progreso: 2700/3000 tickers procesados.
2026-03-18 22:13:28,202 - INFO - Progreso: 2800/3000 tickers procesados.
2026-03-18 22:13:29,463 - INFO - Progreso: 2900/3000 tickers procesados.
2026-03-18 22:13:37,673 - INFO - Guardado Exitoso: C:\datos_proyecto\datos_stocks\fmp_prices_top3000.parquet. Filas Totales: 4659605 (Nuevas: 4653872)
2026-03-18 22:13:38,158 - INFO - --- REPORTE FINAL ---
2026-03-18 22:24:30,466 - INFO - --- Iniciando FMP Stock Update (Modo: daily) ---
2026-03-18 22:24:30,467 - INFO - Cargando Universo desde JSON: C:\datos_proyecto\universo\universo.json
2026-03-18 22:24:30,467 - INFO - Se cargaron 258 tickers únicos del archivo.
2026-03-18 22:24:30,468 - INFO - Universo activo: 258 tickers.
2026-03-18 22:24:30,527 - INFO - Datos existentes cargados: 386697 filas.
2026-03-18 22:24:30,694 - INFO - Iniciando descarga DIARIA para 258 tickers (Start Default: 2019-06-01)...
2026-03-18 22:24:37,709 - INFO - Progreso: 200/258 tickers procesados.
2026-03-18 22:24:38,375 - INFO - Guardado Exitoso: C:\datos_proyecto\datos_stocks\fmp_prices.parquet. Filas Totales: 386697 (Nuevas: 53669)
2026-03-18 22:24:38,441 - INFO - --- REPORTE FINAL ---
2026-03-18 22:24:38,442 - WARNING - Modo Diario falló en 3 tickers: ['SPX', 'VIX', 'XSP']
2026-03-18 22:24:38,442 - INFO - --- Iniciando FMP Stock Update (Modo: top3000) ---
2026-03-18 22:24:38,443 - INFO - Escaneando archivos CORE ORATS en C:\datos_proyecto\datos_cores para extraer el Top 3000 tickers por volumen...
2026-03-18 22:24:38,449 - INFO - Analizando los últimos 10 días de mercado...
2026-03-18 22:24:38,450 - INFO - Calculando volumen promedio para la selección del Top 3000...
2026-03-18 22:24:38,467 - INFO - Se extrajeron exitosamente 3000 tickers principales.
2026-03-18 22:24:38,469 - INFO - Universo activo: 3000 tickers.
2026-03-18 22:24:38,670 - INFO - Datos existentes cargados: 4659605 filas.
2026-03-18 22:24:40,657 - INFO - Iniciando descarga DIARIA para 3000 tickers (Start Default: 2019-06-01)...
2026-03-18 22:26:02,350 - INFO - Progreso: 100/3000 tickers procesados.
2026-03-18 22:26:02,352 - INFO - Progreso: 100/3000 tickers procesados.
2026-03-18 22:26:02,354 - INFO - Progreso: 200/3000 tickers procesados.
2026-03-18 22:26:02,355 - INFO - Progreso: 300/3000 tickers procesados.
2026-03-18 22:26:02,368 - INFO - Progreso: 400/3000 tickers procesados.
2026-03-18 22:26:02,381 - INFO - Progreso: 500/3000 tickers procesados.
2026-03-18 22:26:02,399 - INFO - Progreso: 600/3000 tickers procesados.
2026-03-18 22:26:02,406 - INFO - Progreso: 700/3000 tickers procesados.
2026-03-18 22:26:02,412 - INFO - Progreso: 800/3000 tickers procesados.
2026-03-18 22:26:02,415 - INFO - Progreso: 900/3000 tickers procesados.
2026-03-18 22:26:02,417 - INFO - DEBUG: AAPL rows: 1812. Último: 2019-01-02 Close: 39.48
2026-03-18 22:26:02,418 - INFO - Progreso: 1000/3000 tickers procesados.
2026-03-18 22:26:02,726 - INFO - Progreso: 1100/3000 tickers procesados.
2026-03-18 22:26:03,980 - INFO - Progreso: 1200/3000 tickers procesados.
2026-03-18 22:26:05,189 - INFO - Progreso: 1300/3000 tickers procesados.
2026-03-18 22:26:06,266 - INFO - Progreso: 1400/3000 tickers procesados.
2026-03-18 22:26:07,503 - INFO - Progreso: 1500/3000 tickers procesados.
2026-03-18 22:26:08,713 - INFO - Progreso: 1600/3000 tickers procesados.
2026-03-18 22:26:09,838 - INFO - Progreso: 1700/3000 tickers procesados.
2026-03-18 22:26:10,914 - INFO - Progreso: 1800/3000 tickers procesados.
2026-03-18 22:26:12,243 - INFO - Progreso: 1900/3000 tickers procesados.
2026-03-18 22:26:13,442 - INFO - Progreso: 2000/3000 tickers procesados.
2026-03-18 22:26:14,458 - INFO - Progreso: 2100/3000 tickers procesados.
2026-03-18 22:26:15,643 - INFO - Progreso: 2200/3000 tickers procesados.
2026-03-18 22:26:16,847 - INFO - Progreso: 2300/3000 tickers procesados.
2026-03-18 22:26:17,995 - INFO - Progreso: 2400/3000 tickers procesados.
2026-03-18 22:26:19,246 - INFO - Progreso: 2500/3000 tickers procesados.
2026-03-18 22:26:20,470 - INFO - Progreso: 2600/3000 tickers procesados.
2026-03-18 22:26:21,618 - INFO - Progreso: 2700/3000 tickers procesados.
2026-03-18 22:26:22,913 - INFO - Progreso: 2800/3000 tickers procesados.
2026-03-18 22:26:24,313 - INFO - Progreso: 2900/3000 tickers procesados.
2026-03-18 22:26:32,182 - INFO - Guardado Exitoso: C:\datos_proyecto\datos_stocks\fmp_prices_top3000.parquet. Filas Totales: 4659605 (Nuevas: 4653872)
2026-03-18 22:26:32,615 - INFO - --- REPORTE FINAL ---
